2026-02-14 17:16:25  INFO   === Librarian process started [wikilinks=True, yolo=True] (run: 20260214-231625) ===
2026-02-14 17:16:25  INFO   Processing 3 notes for tidying
2026-02-14 17:16:25  INFO   Detecting near-duplicate tags...
2026-02-14 17:16:29  INFO   add_wikilinks: Obsidian Symlink Plugin — Project Overview.md — Added 1 wikilinks: ['Symlink Plugin Build Phases']
2026-02-14 17:16:30  INFO   Tidying complete: 1 notes modified, 1 wikilinks added
2026-02-14 17:16:30  INFO   === Run complete: processed=0, skipped=0, errors=0 ===
2026-02-14 19:30:32  INFO   === Librarian process started [wikilinks=True, yolo=True] (run: 20260215-013032) ===
2026-02-14 19:30:32  INFO   Processing 27 notes for tidying
2026-02-14 19:30:32  INFO   Detecting near-duplicate tags...
2026-02-14 19:30:32  INFO   consolidate_tags: On-Load Validation of Symlinks.md — Consolidated: ['validation', 'startup', 'symlinks', 'resilience'] -> ['validation', 'startup', 'symlink', 'resilience']
2026-02-14 19:30:32  INFO   consolidate_tags: Platform Detection Symlinks vs Windows Junctions.md — Consolidated: ['platform', 'windows', 'symlinks', 'junctions'] -> ['platform', 'windows', 'symlink', 'junctions']
2026-02-14 19:30:32  INFO   consolidate_tags: Symlink Safety Loop Prevention.md — Consolidated: ['safety', 'symlinks', 'loops', 'validation'] -> ['safety', 'symlink', 'loops', 'validation']
2026-02-14 19:30:32  INFO   consolidate_tags: Symlink Safety Never Delete the Source Folder.md — Consolidated: ['safety', 'symlinks', 'fs', 'critical'] -> ['safety', 'symlink', 'fs', 'critical']
2026-02-14 19:30:32  INFO   consolidate_tags: Symlink Safety Overwrite Protection.md — Consolidated: ['safety', 'symlinks', 'overwrite', 'validation'] -> ['safety', 'symlink', 'overwrite', 'validation']
2026-02-14 19:30:32  INFO   consolidate_tags: Symlink Toggle Semantics.md — Consolidated: ['symlinks', 'toggle', 'ux', 'architecture'] -> ['symlink', 'toggle', 'ux', 'architecture']
2026-02-14 19:30:32  INFO   consolidate_tags: Symlink vs Directory Detection with lstatSync.md — Consolidated: ['node-fs', 'symlinks', 'lstat', 'technical'] -> ['node-fs', 'symlink', 'lstat', 'technical']
2026-02-14 19:30:32  INFO   Consolidated 7 tag uses
2026-02-14 19:30:35  INFO   add_wikilinks: Command Registration and Routing.md — Added 3 wikilinks: ['Core Engine Module Separation', 'Obsidian Plugin Lifecycle and Symlink Implications', 'The Create Symlink Flow']
2026-02-14 19:30:36  INFO   add_wikilinks: Core Engine Module Separation.md — Added 2 wikilinks: ['Obsidian Symlink Plugin — Project Overview', 'The Create Symlink Flow']
2026-02-14 19:30:37  INFO   add_wikilinks: Electron Dialog for Source Folder Selection.md — Added 2 wikilinks: ['FuzzySuggestModal for Vault Path Selection', 'Vault Root Path Access']
2026-02-14 19:30:37  INFO   add_wikilinks: Fractal Decomposition Method.md — Added 2 wikilinks: ['Symlink Plugin Build Phases', 'Obsidian Symlink Plugin — Project Overview']
2026-02-14 19:30:38  INFO   add_wikilinks: FuzzySuggestModal for Vault Path Selection.md — Added 3 wikilinks: ['The Create Symlink Flow', 'Vault Root Path Access', 'Obsidian Symlink Plugin — Project Overview']
2026-02-14 19:30:38  INFO   add_wikilinks: Handling Deleted Source Folders Gracefully.md — Added 2 wikilinks: ['Symlink Safety Never Delete the Source Folder', 'Symlink Safety Overwrite Protection']
2026-02-14 19:30:39  INFO   add_wikilinks: Memory folder is committed to repo.md — Added 3 wikilinks: ['Obsidian Symlink Plugin — Project Overview', 'On-Load Validation of Symlinks', 'Symlink Safety Overwrite Protection']
2026-02-14 19:30:40  INFO   add_wikilinks: Node.js fs Module Availability in Obsidian Desktop.md — Added 3 wikilinks: ['Why Desktop Only Mobile Cannot Symlink', 'Obsidian Plugin Lifecycle and Symlink Implications', 'Symlink vs Directory Detection with lstatSync']
2026-02-14 19:30:40  INFO   add_wikilinks: Obsidian Notice API for User Feedback.md — Added 3 wikilinks: ['Obsidian Symlink Plugin — Project Overview', 'On-Load Validation of Symlinks', 'Symlink Safety Loop Prevention']
2026-02-14 19:30:41  INFO   add_wikilinks: Obsidian Plugin Lifecycle and Symlink Implications.md — Added 3 wikilinks: ['On-Load Validation of Symlinks', 'Command Registration and Routing', 'Ribbon Icon for Quick Access']
2026-02-14 19:30:41  INFO   add_wikilinks: Obsidian PluginSettingTab Pattern.md — Added 3 wikilinks: ['Obsidian Plugin Lifecycle and Symlink Implications', 'Obsidian Symlink Plugin — Project Overview', 'data.json Persistence via Obsidian API']
2026-02-14 19:30:42  INFO   add_wikilinks: On-Load Validation of Symlinks.md — Added 3 wikilinks: ['Symlink Safety Overwrite Protection', 'Handling Deleted Source Folders Gracefully', 'Obsidian Plugin Lifecycle and Symlink Implications']
2026-02-14 19:30:43  INFO   add_wikilinks: Platform Detection Symlinks vs Windows Junctions.md — Added 3 wikilinks: ['Node.js fs Module Availability in Obsidian Desktop', 'Symlink vs Directory Detection with lstatSync', 'The Create Symlink Flow']
2026-02-14 19:30:44  INFO   add_wikilinks: Ribbon Icon for Quick Access.md — Added 3 wikilinks: ['The Create Symlink Flow', 'Command Registration and Routing', 'Obsidian Plugin Lifecycle and Symlink Implications']
2026-02-14 19:30:44  INFO   add_wikilinks: Symlink Plugin Build Phases.md — Added 3 wikilinks: ['Core Engine Module Separation', 'Obsidian PluginSettingTab Pattern', 'Command Registration and Routing']
2026-02-14 19:30:44  INFO   add_wikilinks: Symlink Safety Loop Prevention.md — Added 2 wikilinks: ['Symlink Safety Overwrite Protection', 'On-Load Validation of Symlinks']
2026-02-14 19:30:45  INFO   add_wikilinks: Symlink Safety Never Delete the Source Folder.md — Added 3 wikilinks: ['Symlink Safety Overwrite Protection', 'Symlink Safety Loop Prevention', 'On-Load Validation of Symlinks']
2026-02-14 19:30:46  INFO   add_wikilinks: Symlink Safety Overwrite Protection.md — Added 3 wikilinks: ['Symlink vs Directory Detection with lstatSync', 'The Create Symlink Flow', 'Symlink Safety Loop Prevention']
2026-02-14 19:30:46  INFO   add_wikilinks: Symlink Toggle Semantics.md — Added 3 wikilinks: ['data.json Persistence via Obsidian API', 'Obsidian Plugin Lifecycle and Symlink Implications', 'Obsidian Symlink Plugin — Project Overview']
2026-02-14 19:30:47  INFO   add_wikilinks: Symlink vs Directory Detection with lstatSync.md — Added 2 wikilinks: ['Symlink Safety Never Delete the Source Folder', 'Platform Detection Symlinks vs Windows Junctions']
2026-02-14 19:30:48  INFO   add_wikilinks: The Create Symlink Flow.md — Added 3 wikilinks: ['Electron Dialog for Source Folder Selection', 'FuzzySuggestModal for Vault Path Selection', 'Symlink Safety Overwrite Protection']
2026-02-14 19:30:48  INFO   add_wikilinks: Unique ID Generation for SymlinkEntry.md — Added 3 wikilinks: ['Symlink Toggle Semantics', 'On-Load Validation of Symlinks', 'Symlink vs Directory Detection with lstatSync']
2026-02-14 19:30:49  INFO   add_wikilinks: Vault Root Path Access.md — Added 2 wikilinks: ['FuzzySuggestModal for Vault Path Selection', 'Obsidian Symlink Plugin — Project Overview']
2026-02-14 19:30:49  INFO   add_wikilinks: Why Desktop Only Mobile Cannot Symlink.md — Added 3 wikilinks: ['Obsidian Symlink Plugin — Project Overview', 'Symlink vs Directory Detection with lstatSync', 'Platform Detection Symlinks vs Windows Junctions']
2026-02-14 19:30:50  INFO   add_wikilinks: data.json Persistence via Obsidian API.md — Added 2 wikilinks: ['Obsidian Plugin Lifecycle and Symlink Implications', 'Unique ID Generation for SymlinkEntry']
2026-02-14 19:30:51  INFO   add_wikilinks: esbuild Config for Obsidian Plugins.md — Added 2 wikilinks: ['Obsidian Plugin Lifecycle and Symlink Implications', 'Symlink Plugin Build Phases']
2026-02-14 19:30:51  INFO   Tidying complete: 26 notes modified, 7 tags consolidated, 69 wikilinks added
2026-02-14 19:30:52  INFO   === Run complete: processed=0, skipped=0, errors=0 ===
2026-02-14 19:42:34  INFO   === Librarian process started [wikilinks=True, yolo=True] (run: 20260215-014234) ===
2026-02-14 19:42:34  INFO   Processing 36 notes for tidying
2026-02-14 19:42:34  INFO   Detecting near-duplicate tags...
2026-02-14 19:42:37  INFO   add_wikilinks: Four Commands to Register in Phase 3.md — Added 3 wikilinks: ['Toggle Symlink Command needs FuzzySuggestModal', 'Phase 3 Modifies main.ts createSymlinkFromPicker', 'The Create Symlink Flow']
2026-02-14 19:42:37  INFO   add_wikilinks: FuzzySuggestModal Callback Pattern.md — Added 3 wikilinks: ['FuzzySuggestModal for Vault Path Selection', 'Phase 2 createSymlinkFromPicker needs vault folder picker', 'The Create Symlink Flow']
2026-02-14 19:42:38  INFO   add_wikilinks: Phase 1 Source Code Structure.md — Added 3 wikilinks: ['Obsidian Symlink Plugin — Project Overview', 'Vault Root Path Access', 'Core Engine Module Separation']
2026-02-14 19:42:39  INFO   add_wikilinks: Phase 2 createSymlinkFromPicker needs vault folder picker.md — Added 3 wikilinks: ['Phase 3 Modifies main.ts createSymlinkFromPicker', 'Vault Folder Picker Modal Implementation', 'FuzzySuggestModal for Vault Path Selection']
2026-02-14 19:42:40  INFO   add_wikilinks: Phase 3 Modifies main.ts createSymlinkFromPicker.md — Added 3 wikilinks: ['Phase 2 createSymlinkFromPicker needs vault folder picker', 'The Create Symlink Flow', 'modals.ts File Structure for Phase 3']
2026-02-14 19:42:40  INFO   add_wikilinks: Ribbon Icon Wiring.md — Added 2 wikilinks: ['Four Commands to Register in Phase 3', 'The Create Symlink Flow']
2026-02-14 19:42:41  INFO   add_wikilinks: Toggle Symlink Command needs FuzzySuggestModal.md — Added 3 wikilinks: ['modals.ts File Structure for Phase 3', 'Vault Folder Picker Modal Implementation', 'FuzzySuggestModal for Vault Path Selection']
2026-02-14 19:42:41  INFO   add_wikilinks: Vault Folder Picker Modal Implementation.md — Added 3 wikilinks: ['FuzzySuggestModal for Vault Path Selection', 'modals.ts File Structure for Phase 3', 'FuzzySuggestModal Callback Pattern']
2026-02-14 19:42:42  INFO   add_wikilinks: modals.ts File Structure for Phase 3.md — Added 3 wikilinks: ['Vault Folder Picker Modal Implementation', 'FuzzySuggestModal Callback Pattern', 'The Create Symlink Flow']
2026-02-14 19:42:42  INFO   Tidying complete: 9 notes modified, 26 wikilinks added
2026-02-14 19:42:43  INFO   === Run complete: processed=0, skipped=0, errors=0 ===
2026-02-14 20:45:18  INFO   === Librarian process started [wikilinks=True, yolo=True] (run: 20260215-024518) ===
2026-02-14 20:45:18  INFO   Processing 37 notes for tidying
2026-02-14 20:45:18  INFO   Detecting near-duplicate tags...
2026-02-14 20:45:18  INFO   consolidate_tags: Electron Dialog for Source Folder Selection.md — Consolidated: ['electron', 'folder-picker', 'ux', 'modals'] -> ['electron', 'folder-picker', 'ux', 'modal']
2026-02-14 20:45:18  INFO   consolidate_tags: FuzzySuggestModal Callback Pattern.md — Consolidated: ['phase-3', 'modals', 'async-pattern', 'implementation'] -> ['phase-3', 'modal', 'async-pattern', 'implementation']
2026-02-14 20:45:18  INFO   consolidate_tags: FuzzySuggestModal for Vault Path Selection.md — Consolidated: ['obsidian', 'modals', 'fuzzy-search', 'ux'] -> ['obsidian', 'modal', 'fuzzy-search', 'ux']
2026-02-14 20:45:18  INFO   consolidate_tags: The Create Symlink Flow.md — Consolidated: ['create-flow', 'ux', 'modals', 'architecture'] -> ['create-flow', 'ux', 'modal', 'architecture']
2026-02-14 20:45:18  INFO   consolidate_tags: Toggle Symlink Command needs FuzzySuggestModal.md — Consolidated: ['phase-3', 'modals', 'toggle', 'commands'] -> ['phase-3', 'modal', 'toggle', 'commands']
2026-02-14 20:45:18  INFO   consolidate_tags: Vault Folder Picker Modal Implementation.md — Consolidated: ['phase-3', 'modals', 'vault-picker', 'implementation'] -> ['phase-3', 'modal', 'vault-picker', 'implementation']
2026-02-14 20:45:18  INFO   consolidate_tags: modals.ts File Structure for Phase 3.md — Consolidated: ['phase-3', 'modals', 'file-structure', 'implementation'] -> ['phase-3', 'modal', 'file-structure', 'implementation']
2026-02-14 20:45:18  INFO   Consolidated 7 tag uses
2026-02-14 20:45:21  INFO   add_wikilinks: FuzzySuggestModal onClose fires before onChooseItem.md — Added 2 wikilinks: ['FuzzySuggestModal Callback Pattern', 'FuzzySuggestModal for Vault Path Selection']
2026-02-14 20:45:21  INFO   Tidying complete: 1 notes modified, 7 tags consolidated, 2 wikilinks added
2026-02-14 20:45:22  INFO   === Run complete: processed=0, skipped=0, errors=0 ===
2026-02-14 20:51:59  INFO   === Librarian process started [wikilinks=True, yolo=True] (run: 20260215-025159) ===
2026-02-14 20:51:59  INFO   Processing 40 notes for tidying
2026-02-14 20:51:59  INFO   Detecting near-duplicate tags...
2026-02-14 20:52:02  INFO   add_wikilinks: Delete Confirmation Before Removing Symlink.md — Added 2 wikilinks: ['Obsidian PluginSettingTab Pattern', 'Symlink Safety Never Delete the Source Folder']
2026-02-14 20:52:02  INFO   add_wikilinks: Duplicate Symlink Detection at Creation Time.md — Added 2 wikilinks: ['On-Load Validation of Symlinks', 'Symlink Safety Loop Prevention']
2026-02-14 20:52:03  INFO   add_wikilinks: Name Editing in Settings Tab.md — Added 3 wikilinks: ['Obsidian PluginSettingTab Pattern', 'Vault Root Path Access', 'Symlink Safety Loop Prevention']
2026-02-14 20:52:03  INFO   Tidying complete: 3 notes modified, 7 wikilinks added
2026-02-14 20:52:04  INFO   === Run complete: processed=0, skipped=0, errors=0 ===
2026-02-14 21:42:57  INFO   === Librarian process started [wikilinks=True, yolo=True] (run: 20260215-034257) ===
2026-02-14 21:42:57  INFO   Processing 46 notes for tidying
2026-02-14 21:42:57  INFO   Detecting near-duplicate tags...
2026-02-14 21:43:00  INFO   add_wikilinks: Clean up broken symlinks on deactivation.md — Added 2 wikilinks: ['On-Load Validation of Symlinks', 'Symlink Safety Overwrite Protection']
2026-02-14 21:43:01  INFO   add_wikilinks: Duplicate detection checks sourcePath only.md — Added 3 wikilinks: ['On-Load Validation of Symlinks', 'Vault Root Path Access', 'FuzzySuggestModal for Vault Path Selection']
2026-02-14 21:43:01  INFO   add_wikilinks: Name editing uses blur not onChange.md — Added 2 wikilinks: ['Name Editing in Settings Tab', 'FuzzySuggestModal onClose fires before onChooseItem']
2026-02-14 21:43:02  INFO   add_wikilinks: Settings tab must refresh after create flow.md — Added 3 wikilinks: ['Obsidian PluginSettingTab Pattern', 'Phase 3 Modifies main.ts createSymlinkFromPicker', 'data.json Persistence via Obsidian API']
2026-02-14 21:43:02  INFO   add_wikilinks: Symlink Manager Plugin v1 Complete.md — Added 3 wikilinks: ['Obsidian Symlink Plugin — Project Overview', 'The Create Symlink Flow', 'Delete Confirmation Before Removing Symlink']
2026-02-14 21:43:03  INFO   add_wikilinks: existsSync follows symlinks — use lstatSync for broken symlink detection.md — Added 2 wikilinks: ['Clean up broken symlinks on deactivation', 'Symlink vs Directory Detection with lstatSync']
2026-02-14 21:43:03  INFO   Tidying complete: 6 notes modified, 15 wikilinks added
2026-02-14 21:43:04  INFO   === Run complete: processed=0, skipped=0, errors=0 ===
2026-02-15 09:46:40  INFO   === Librarian process started [wikilinks=True, yolo=True] (run: 20260215-154640) ===
2026-02-15 09:46:40  INFO   Processing 51 notes for tidying
2026-02-15 09:46:40  INFO   Detecting near-duplicate tags...
2026-02-15 09:46:40  INFO   Tidying complete: no changes
2026-02-15 09:46:43  INFO   === Run complete: processed=0, skipped=0, errors=0 ===
2026-02-15 11:14:32  INFO   === Librarian process started [wikilinks=True, yolo=True] (run: 20260215-171432) ===
2026-02-15 11:14:32  INFO   Processing 54 notes for tidying
2026-02-15 11:14:32  INFO   Detecting near-duplicate tags...
2026-02-15 11:14:35  INFO   add_wikilinks: Nested .obsidian folders need glob pattern in gitignore.md — Added 3 wikilinks: ['Memory folder is committed to repo', 'Symlink Safety Loop Prevention', 'On-Load Validation of Symlinks']
2026-02-15 11:14:35  INFO   add_wikilinks: Obsidian community plugin release requirements.md — Added 2 wikilinks: ['Obsidian Plugin Lifecycle and Symlink Implications', 'Nested .obsidian folders need glob pattern in gitignore']
2026-02-15 11:14:36  INFO   add_wikilinks: Review fixes implemented from code review.md — Added 3 wikilinks: ['Rename Rollback Integrity', 'Delete Inactive Orphan Risk', 'Toggle Path Normalization Edge Case']
2026-02-15 11:14:36  INFO   Tidying complete: 3 notes modified, 8 wikilinks added
2026-02-15 11:14:38  INFO   === Run complete: processed=0, skipped=0, errors=0 ===
2026-02-15 11:18:18  INFO   === Librarian process started [wikilinks=True, yolo=True] (run: 20260215-171818) ===
2026-02-15 11:18:18  INFO   Processing 55 notes for tidying
2026-02-15 11:18:18  INFO   Detecting near-duplicate tags...
2026-02-15 11:18:21  INFO   Tidying complete: no changes
2026-02-15 11:18:23  INFO   === Run complete: processed=0, skipped=0, errors=0 ===
